<?xml version="1.0" encoding="UTF-8"?>
<!-- Generated by org.testng.reporters.JUnitReportReporter -->
<testsuite hostname="stardust" failures="0" tests="1" name="tests.CalculatorTest" time="21.334" errors="0" timestamp="2020-04-23T11:31:36 SAST" skipped="0">
  <testcase classname="tests.CalculatorTest" name="calculation" time="21.334"/>
  <system-out/>
</testsuite> <!-- tests.CalculatorTest -->
